c:\users\user\desktop\oaip\consoleapplication8\consoleapplication8\x64\debug\vc143.pdb
c:\users\user\desktop\oaip\consoleapplication8\consoleapplication8\x64\debug\vc143.idb
c:\users\user\desktop\oaip\consoleapplication8\consoleapplication8\x64\debug\2.obj
c:\users\user\desktop\oaip\consoleapplication8\consoleapplication8\x64\debug\1.obj
c:\users\user\desktop\oaip\consoleapplication8\x64\debug\consoleapplication8.exe
c:\users\user\desktop\oaip\consoleapplication8\x64\debug\consoleapplication8.pdb
c:\users\user\desktop\oaip\consoleapplication8\consoleapplication8\x64\debug\consoleapplication8.ilk
c:\users\user\desktop\oaip\github\410902\гавлевникита\consoleapplication8\consoleapplication8\x64\debug\1.obj
c:\users\user\desktop\oaip\github\410902\гавлевникита\consoleapplication8\consoleapplication8\x64\debug\2.obj
c:\users\user\desktop\oaip\github\410902\гавлевникита\consoleapplication8\consoleapplication8\x64\debug\consoleapplication8.obj
c:\users\user\desktop\oaip\github\410902\гавлевникита\consoleapplication8\consoleapplication8\x64\debug\consoleapplication8.ilk
c:\users\user\desktop\oaip\github\410902\гавлевникита\consoleapplication8\consoleapplication8\x64\debug\vc143.idb
c:\users\user\desktop\oaip\github\410902\гавлевникита\consoleapplication8\consoleapplication8\x64\debug\vc143.pdb
c:\users\user\desktop\oaip\github\410902\гавлевникита\consoleapplication8\x64\debug\consoleapplication8.pdb
c:\users\user\desktop\oaip\github\410902\гавлевникита\consoleapplication8\x64\debug\consoleapplication8.exe
c:\users\user\desktop\oaip\github\410902\гавлевникита\consoleapplication8\consoleapplication8\x64\debug\consolea.b3123dfb.tlog\cl.command.1.tlog
c:\users\user\desktop\oaip\github\410902\гавлевникита\consoleapplication8\consoleapplication8\x64\debug\consolea.b3123dfb.tlog\cl.items.tlog
c:\users\user\desktop\oaip\github\410902\гавлевникита\consoleapplication8\consoleapplication8\x64\debug\consolea.b3123dfb.tlog\cl.read.1.tlog
c:\users\user\desktop\oaip\github\410902\гавлевникита\consoleapplication8\consoleapplication8\x64\debug\consolea.b3123dfb.tlog\cl.write.1.tlog
c:\users\user\desktop\oaip\github\410902\гавлевникита\consoleapplication8\consoleapplication8\x64\debug\consolea.b3123dfb.tlog\link.command.1.tlog
c:\users\user\desktop\oaip\github\410902\гавлевникита\consoleapplication8\consoleapplication8\x64\debug\consolea.b3123dfb.tlog\link.read.1.tlog
c:\users\user\desktop\oaip\github\410902\гавлевникита\consoleapplication8\consoleapplication8\x64\debug\consolea.b3123dfb.tlog\link.secondary.1.tlog
c:\users\user\desktop\oaip\github\410902\гавлевникита\consoleapplication8\consoleapplication8\x64\debug\consolea.b3123dfb.tlog\link.write.1.tlog
